<?xml version="1.0" encoding="UTF-8"?>
<!-- Generated by org.testng.reporters.JUnitReportReporter -->
<testsuite skipped="0" hostname="IMRAN-ASUS" name="com.bitm.Newtours13th.Test.FlightFinderTest" tests="2" failures="0" timestamp="2020-02-29T16:38:20 BDT" time="1.244" errors="0">
  <testcase name="checkFlightFinderPageTitle" time="1.208" classname="com.bitm.Newtours13th.Test.FlightFinderTest"/>
  <testcase name="FindAFlightTest" time="0.036" classname="com.bitm.Newtours13th.Test.FlightFinderTest"/>
</testsuite> <!-- com.bitm.Newtours13th.Test.FlightFinderTest -->
