<?xml version="1.0" encoding="UTF-8"?>
<!-- Generated by org.testng.reporters.JUnitReportReporter -->
<testsuite skipped="0" hostname="IMRAN-ASUS" name="com.bitm.Newtours13th.Test.LoginTest" tests="2" failures="0" timestamp="2020-02-15T15:16:22 BDT" time="15.351" errors="0">
  <testcase name="checkloginpagetitle" time="9.976" classname="com.bitm.Newtours13th.Test.LoginTest"/>
  <testcase name="logintest" time="5.375" classname="com.bitm.Newtours13th.Test.LoginTest"/>
</testsuite> <!-- com.bitm.Newtours13th.Test.LoginTest -->
