<?xml version="1.0" encoding="UTF-8"?>
<!-- Generated by org.testng.reporters.JUnitReportReporter -->
<testsuite skipped="0" hostname="IMRAN-ASUS" name="com.bitm.Newtours13th.Test.LoginTest" tests="2" failures="0" timestamp="2020-02-29T16:38:20 BDT" time="15.411" errors="0">
  <testcase name="logintest" time="5.368" classname="com.bitm.Newtours13th.Test.LoginTest"/>
  <testcase name="checkloginpagetitle" time="10.043" classname="com.bitm.Newtours13th.Test.LoginTest"/>
</testsuite> <!-- com.bitm.Newtours13th.Test.LoginTest -->
