<?xml version="1.0" encoding="UTF-8"?>
<!-- Generated by org.testng.reporters.JUnitReportReporter -->
<testsuite skipped="0" hostname="IMRAN-ASUS" name="com.bitm.Newtours13th.Utils.DriverManager" tests="1" failures="0" timestamp="2020-02-08T19:12:28 BDT" time="0.015" errors="0">
  <testcase name="TestExecutionofDriverManager" time="0.015" classname="com.bitm.Newtours13th.Utils.DriverManager"/>
</testsuite> <!-- com.bitm.Newtours13th.Utils.DriverManager -->
