<?xml version="1.0" encoding="UTF-8"?>
<!-- Generated by org.testng.reporters.JUnitReportReporter -->
<testsuite skipped="0" hostname="IMRAN-ASUS" name="com.bitm.Newtours13th.Test.LoginTest" tests="2" failures="0" timestamp="2020-02-29T17:03:11 BDT" time="13.833" errors="0">
  <testcase name="logintest" time="5.404" classname="com.bitm.Newtours13th.Test.LoginTest"/>
  <testcase name="checkloginpagetitle" time="8.429" classname="com.bitm.Newtours13th.Test.LoginTest"/>
</testsuite> <!-- com.bitm.Newtours13th.Test.LoginTest -->
