<?xml version="1.0" encoding="UTF-8"?>
<!-- Generated by org.testng.reporters.JUnitReportReporter -->
<testsuite skipped="0" hostname="IMRAN-ASUS" name="com.bitm.Newtours13th.Test.FlightFinderTest" tests="2" failures="0" timestamp="2020-02-15T15:16:22 BDT" time="4.256" errors="0">
  <testcase name="checkTitle" time="4.027" classname="com.bitm.Newtours13th.Test.FlightFinderTest"/>
  <testcase name="FindAFlightTest" time="0.229" classname="com.bitm.Newtours13th.Test.FlightFinderTest"/>
</testsuite> <!-- com.bitm.Newtours13th.Test.FlightFinderTest -->
