<?xml version="1.0" encoding="UTF-8"?>
<!-- Generated by org.testng.reporters.JUnitReportReporter -->
<testsuite skipped="0" hostname="IMRAN-ASUS" name="com.bitm.Newtours13th.Test.SelectFlightTest" tests="2" failures="0" timestamp="2020-03-10T19:00:23 BDT" time="2.589" errors="0">
  <testcase name="SelectAFlightTest" time="2.526" classname="com.bitm.Newtours13th.Test.SelectFlightTest"/>
  <testcase name="selectFlightPageTitle" time="0.063" classname="com.bitm.Newtours13th.Test.SelectFlightTest"/>
</testsuite> <!-- com.bitm.Newtours13th.Test.SelectFlightTest -->
