<?xml version="1.0" encoding="UTF-8"?>
<!-- Generated by org.testng.reporters.JUnitReportReporter -->
<testsuite skipped="0" hostname="IMRAN-ASUS" name="com.bitm.Newtours13th.Test.LoginTest" tests="2" failures="0" timestamp="2020-03-10T19:00:23 BDT" time="14.919" errors="0">
  <testcase name="checkloginpagetitle" time="9.561" classname="com.bitm.Newtours13th.Test.LoginTest"/>
  <testcase name="logintest" time="5.358" classname="com.bitm.Newtours13th.Test.LoginTest"/>
</testsuite> <!-- com.bitm.Newtours13th.Test.LoginTest -->
