<?xml version="1.0" encoding="UTF-8"?>
<!-- Generated by org.testng.reporters.JUnitReportReporter -->
<testsuite skipped="0" hostname="IMRAN-ASUS" name="com.bitm.Newtours13th.Test.FlightFinderTest" tests="2" failures="0" timestamp="2020-03-10T19:00:23 BDT" time="4.579" errors="0">
  <testcase name="FindAFlightTest" time="3.593" classname="com.bitm.Newtours13th.Test.FlightFinderTest"/>
  <testcase name="checkFlightFinderPageTitle" time="0.986" classname="com.bitm.Newtours13th.Test.FlightFinderTest"/>
</testsuite> <!-- com.bitm.Newtours13th.Test.FlightFinderTest -->
